ERROR 2025-07-03 01:53:18,726 log Internal Server Error: /reservations/admin/1/update/
Traceback (most recent call last):
  File "/app/venv_awsgpu/lib/python3.10/site-packages/django/core/handlers/exception.py", line 55, in inner
    response = get_response(request)
  File "/app/venv_awsgpu/lib/python3.10/site-packages/django/core/handlers/base.py", line 197, in _get_response
    response = wrapped_callback(request, *callback_args, **callback_kwargs)
  File "/app/venv_awsgpu/lib/python3.10/site-packages/django/contrib/auth/decorators.py", line 59, in _view_wrapper
    return view_func(request, *args, **kwargs)
  File "/app/aws_gpu_monitoring/server_manager/reservation_views.py", line 136, in admin_reservation_update
    return render(request, 'server_manager/reservation/admin_update.html', {
  File "/app/venv_awsgpu/lib/python3.10/site-packages/django/shortcuts.py", line 25, in render
    content = loader.render_to_string(template_name, context, request, using=using)
  File "/app/venv_awsgpu/lib/python3.10/site-packages/django/template/loader.py", line 61, in render_to_string
    template = get_template(template_name, using=using)
  File "/app/venv_awsgpu/lib/python3.10/site-packages/django/template/loader.py", line 19, in get_template
    raise TemplateDoesNotExist(template_name, chain=chain)
django.template.exceptions.TemplateDoesNotExist: server_manager/reservation/admin_update.html
ERROR 2025-07-03 01:53:51,781 log Internal Server Error: /reservations/admin/1/update/
Traceback (most recent call last):
  File "/app/venv_awsgpu/lib/python3.10/site-packages/django/core/handlers/exception.py", line 55, in inner
    response = get_response(request)
  File "/app/venv_awsgpu/lib/python3.10/site-packages/django/core/handlers/base.py", line 197, in _get_response
    response = wrapped_callback(request, *callback_args, **callback_kwargs)
  File "/app/venv_awsgpu/lib/python3.10/site-packages/django/contrib/auth/decorators.py", line 59, in _view_wrapper
    return view_func(request, *args, **kwargs)
  File "/app/aws_gpu_monitoring/server_manager/reservation_views.py", line 136, in admin_reservation_update
    return render(request, 'server_manager/reservation/admin_update.html', {
  File "/app/venv_awsgpu/lib/python3.10/site-packages/django/shortcuts.py", line 25, in render
    content = loader.render_to_string(template_name, context, request, using=using)
  File "/app/venv_awsgpu/lib/python3.10/site-packages/django/template/loader.py", line 61, in render_to_string
    template = get_template(template_name, using=using)
  File "/app/venv_awsgpu/lib/python3.10/site-packages/django/template/loader.py", line 19, in get_template
    raise TemplateDoesNotExist(template_name, chain=chain)
django.template.exceptions.TemplateDoesNotExist: server_manager/reservation/admin_update.html
