INFO 2025-07-06 17:07:45,243 scheduler 스케줄러 초기화 시작 - 현재 서버 시간(한국): 2025-07-06 17:07:45 KST+0900
INFO 2025-07-06 17:07:45,243 scheduler 현재 UTC 시간: 2025-07-06 08:07:45 UTC+0000
INFO 2025-07-06 17:07:45,251 scheduler 활성 예약 조회 결과: 0개 발견
INFO 2025-07-06 17:07:45,255 scheduler 0개의 활성 예약이 스케줄러에 로드되었습니다.
INFO 2025-07-06 17:07:45,256 scheduler 스케줄러가 성공적으로 시작되었습니다.
INFO 2025-07-06 17:07:45,302 scheduler 초기화 후 스케줄러에 등록된 작업 수: 2
INFO 2025-07-06 17:07:45,302 scheduler 작업 ID: start_instance_23, 다음 실행 시간: 2025-07-07 03:24:00+00:00
INFO 2025-07-06 17:07:45,302 scheduler 작업 ID: stop_instance_23, 다음 실행 시간: 2025-07-07 14:24:00+00:00
INFO 2025-07-06 17:07:45,302 apps 예약 스케줄러가 초기화되고 시작되었습니다.
INFO 2025-07-06 17:07:45,303 apps 스케줄러가 실행 중입니다.
INFO 2025-07-06 17:07:45,304 apps 등록된 작업 수: 2
INFO 2025-07-06 17:07:45,304 apps 작업: start_instance_23, 다음 실행: 2025-07-07 03:24:00+00:00
INFO 2025-07-06 17:07:45,304 apps 작업: stop_instance_23, 다음 실행: 2025-07-07 14:24:00+00:00
INFO 2025-07-06 17:07:45,311 scheduler 스케줄러 초기화 시작 - 현재 서버 시간(한국): 2025-07-06 17:07:45 KST+0900
INFO 2025-07-06 17:07:45,311 scheduler 현재 UTC 시간: 2025-07-06 08:07:45 UTC+0000
INFO 2025-07-06 17:07:45,316 scheduler 활성 예약 조회 결과: 0개 발견
INFO 2025-07-06 17:07:45,319 scheduler 0개의 활성 예약이 스케줄러에 로드되었습니다.
INFO 2025-07-06 17:07:45,320 scheduler 스케줄러가 성공적으로 시작되었습니다.
INFO 2025-07-06 17:07:45,360 scheduler 초기화 후 스케줄러에 등록된 작업 수: 2
INFO 2025-07-06 17:07:45,360 scheduler 작업 ID: start_instance_23, 다음 실행 시간: 2025-07-07 03:24:00+00:00
INFO 2025-07-06 17:07:45,360 scheduler 작업 ID: stop_instance_23, 다음 실행 시간: 2025-07-07 14:24:00+00:00
INFO 2025-07-06 17:07:45,360 apps 예약 스케줄러가 초기화되고 시작되었습니다.
INFO 2025-07-06 17:07:45,360 apps 스케줄러가 실행 중입니다.
INFO 2025-07-06 17:07:45,361 apps 등록된 작업 수: 2
INFO 2025-07-06 17:07:45,361 apps 작업: start_instance_23, 다음 실행: 2025-07-07 03:24:00+00:00
INFO 2025-07-06 17:07:45,361 apps 작업: stop_instance_23, 다음 실행: 2025-07-07 14:24:00+00:00
INFO 2025-07-06 17:07:45,374 scheduler 스케줄러 초기화 시작 - 현재 서버 시간(한국): 2025-07-06 17:07:45 KST+0900
INFO 2025-07-06 17:07:45,374 scheduler 현재 UTC 시간: 2025-07-06 08:07:45 UTC+0000
INFO 2025-07-06 17:07:45,378 scheduler 활성 예약 조회 결과: 0개 발견
INFO 2025-07-06 17:07:45,381 scheduler 0개의 활성 예약이 스케줄러에 로드되었습니다.
INFO 2025-07-06 17:07:45,382 scheduler 스케줄러가 성공적으로 시작되었습니다.
INFO 2025-07-06 17:07:45,417 scheduler 초기화 후 스케줄러에 등록된 작업 수: 2
INFO 2025-07-06 17:07:45,417 scheduler 작업 ID: start_instance_23, 다음 실행 시간: 2025-07-07 03:24:00+00:00
INFO 2025-07-06 17:07:45,417 scheduler 작업 ID: stop_instance_23, 다음 실행 시간: 2025-07-07 14:24:00+00:00
INFO 2025-07-06 17:07:45,417 apps 예약 스케줄러가 초기화되고 시작되었습니다.
INFO 2025-07-06 17:07:45,417 apps 스케줄러가 실행 중입니다.
INFO 2025-07-06 17:07:45,418 apps 등록된 작업 수: 2
INFO 2025-07-06 17:07:45,418 apps 작업: start_instance_23, 다음 실행: 2025-07-07 03:24:00+00:00
INFO 2025-07-06 17:07:45,419 apps 작업: stop_instance_23, 다음 실행: 2025-07-07 14:24:00+00:00
INFO 2025-07-06 17:14:14,652 reservation_views 전체 예약 수: 2, 해당 인스턴스 예약 수: 2
INFO 2025-07-06 17:14:14,655 reservation_views 필터링된 예약 수: 2
INFO 2025-07-06 17:14:14,655 reservation_views 예약 ID 26 시간: 2025-07-07T16:50:00+0900 ~ 2025-07-07T20:50:00+0900
INFO 2025-07-06 17:14:14,656 reservation_views 예약 ID 19 시간: 2025-07-05T18:07:00+0900 ~ 2025-07-05T22:07:00+0900
INFO 2025-07-06 17:14:41,790 reservation_views 전체 예약 수: 3, 해당 인스턴스 예약 수: 3
INFO 2025-07-06 17:14:41,793 reservation_views 필터링된 예약 수: 3
INFO 2025-07-06 17:14:41,794 reservation_views 예약 ID 27 시간: 2025-07-08T17:14:00+0900 ~ 2025-07-08T21:14:00+0900
INFO 2025-07-06 17:14:41,794 reservation_views 예약 ID 26 시간: 2025-07-07T16:50:00+0900 ~ 2025-07-07T20:50:00+0900
INFO 2025-07-06 17:14:41,794 reservation_views 예약 ID 19 시간: 2025-07-05T18:07:00+0900 ~ 2025-07-05T22:07:00+0900
INFO 2025-07-06 17:14:59,287 reservation_views 전체 예약 수: 3, 해당 인스턴스 예약 수: 3
INFO 2025-07-06 17:14:59,290 reservation_views 필터링된 예약 수: 3
INFO 2025-07-06 17:14:59,291 reservation_views 예약 ID 27 시간: 2025-07-08T17:14:00+0900 ~ 2025-07-08T21:14:00+0900
INFO 2025-07-06 17:14:59,291 reservation_views 예약 ID 26 시간: 2025-07-07T16:50:00+0900 ~ 2025-07-07T20:50:00+0900
INFO 2025-07-06 17:14:59,291 reservation_views 예약 ID 19 시간: 2025-07-05T18:07:00+0900 ~ 2025-07-05T22:07:00+0900
INFO 2025-07-06 17:19:12,678 scheduler 스케줄러 초기화 시작 - 현재 서버 시간(한국): 2025-07-06 17:19:12 KST+0900
INFO 2025-07-06 17:19:12,679 scheduler 현재 UTC 시간: 2025-07-06 08:19:12 UTC+0000
INFO 2025-07-06 17:19:12,685 scheduler 스케줄러 초기화 시작 - 현재 서버 시간(한국): 2025-07-06 17:19:12 KST+0900
INFO 2025-07-06 17:19:12,685 scheduler 현재 UTC 시간: 2025-07-06 08:19:12 UTC+0000
INFO 2025-07-06 17:19:12,687 scheduler 활성 예약 조회 결과: 0개 발견
INFO 2025-07-06 17:19:12,690 scheduler 0개의 활성 예약이 스케줄러에 로드되었습니다.
INFO 2025-07-06 17:19:12,691 scheduler 스케줄러가 성공적으로 시작되었습니다.
INFO 2025-07-06 17:19:12,692 scheduler 활성 예약 조회 결과: 0개 발견
INFO 2025-07-06 17:19:12,695 scheduler 0개의 활성 예약이 스케줄러에 로드되었습니다.
INFO 2025-07-06 17:19:12,696 scheduler 스케줄러가 성공적으로 시작되었습니다.
INFO 2025-07-06 17:19:12,698 scheduler 스케줄러 초기화 시작 - 현재 서버 시간(한국): 2025-07-06 17:19:12 KST+0900
INFO 2025-07-06 17:19:12,698 scheduler 현재 UTC 시간: 2025-07-06 08:19:12 UTC+0000
INFO 2025-07-06 17:19:12,703 scheduler 활성 예약 조회 결과: 0개 발견
INFO 2025-07-06 17:19:12,705 scheduler 0개의 활성 예약이 스케줄러에 로드되었습니다.
INFO 2025-07-06 17:19:12,706 scheduler 스케줄러가 성공적으로 시작되었습니다.
INFO 2025-07-06 17:19:12,737 scheduler 초기화 후 스케줄러에 등록된 작업 수: 2
INFO 2025-07-06 17:19:12,737 scheduler 작업 ID: start_instance_23, 다음 실행 시간: 2025-07-07 03:24:00+00:00
INFO 2025-07-06 17:19:12,737 scheduler 작업 ID: stop_instance_23, 다음 실행 시간: 2025-07-07 14:24:00+00:00
INFO 2025-07-06 17:19:12,737 apps 예약 스케줄러가 초기화되고 시작되었습니다.
INFO 2025-07-06 17:19:12,737 apps 스케줄러가 실행 중입니다.
INFO 2025-07-06 17:19:12,737 scheduler 초기화 후 스케줄러에 등록된 작업 수: 2
INFO 2025-07-06 17:19:12,737 scheduler 작업 ID: start_instance_23, 다음 실행 시간: 2025-07-07 03:24:00+00:00
INFO 2025-07-06 17:19:12,737 scheduler 작업 ID: stop_instance_23, 다음 실행 시간: 2025-07-07 14:24:00+00:00
INFO 2025-07-06 17:19:12,737 apps 예약 스케줄러가 초기화되고 시작되었습니다.
INFO 2025-07-06 17:19:12,737 apps 스케줄러가 실행 중입니다.
INFO 2025-07-06 17:19:12,738 apps 등록된 작업 수: 2
INFO 2025-07-06 17:19:12,738 apps 작업: start_instance_23, 다음 실행: 2025-07-07 03:24:00+00:00
INFO 2025-07-06 17:19:12,738 apps 작업: stop_instance_23, 다음 실행: 2025-07-07 14:24:00+00:00
INFO 2025-07-06 17:19:12,738 apps 등록된 작업 수: 2
INFO 2025-07-06 17:19:12,738 apps 작업: start_instance_23, 다음 실행: 2025-07-07 03:24:00+00:00
INFO 2025-07-06 17:19:12,738 apps 작업: stop_instance_23, 다음 실행: 2025-07-07 14:24:00+00:00
INFO 2025-07-06 17:19:12,742 scheduler 초기화 후 스케줄러에 등록된 작업 수: 2
INFO 2025-07-06 17:19:12,742 scheduler 작업 ID: start_instance_23, 다음 실행 시간: 2025-07-07 03:24:00+00:00
INFO 2025-07-06 17:19:12,742 scheduler 작업 ID: stop_instance_23, 다음 실행 시간: 2025-07-07 14:24:00+00:00
INFO 2025-07-06 17:19:12,742 apps 예약 스케줄러가 초기화되고 시작되었습니다.
INFO 2025-07-06 17:19:12,742 apps 스케줄러가 실행 중입니다.
INFO 2025-07-06 17:19:12,743 apps 등록된 작업 수: 2
INFO 2025-07-06 17:19:12,743 apps 작업: start_instance_23, 다음 실행: 2025-07-07 03:24:00+00:00
INFO 2025-07-06 17:19:12,743 apps 작업: stop_instance_23, 다음 실행: 2025-07-07 14:24:00+00:00
INFO 2025-07-06 17:20:40,767 scheduler 스케줄러 초기화 시작 - 현재 서버 시간(한국): 2025-07-06 17:20:40 KST+0900
INFO 2025-07-06 17:20:40,767 scheduler 현재 UTC 시간: 2025-07-06 08:20:40 UTC+0000
INFO 2025-07-06 17:20:40,770 scheduler 활성 예약 조회 결과: 0개 발견
INFO 2025-07-06 17:20:40,772 scheduler 0개의 활성 예약이 스케줄러에 로드되었습니다.
INFO 2025-07-06 17:20:40,773 scheduler 스케줄러가 성공적으로 시작되었습니다.
INFO 2025-07-06 17:20:40,807 scheduler 초기화 후 스케줄러에 등록된 작업 수: 2
INFO 2025-07-06 17:20:40,807 scheduler 작업 ID: start_instance_23, 다음 실행 시간: 2025-07-07 03:24:00+00:00
INFO 2025-07-06 17:20:40,807 scheduler 작업 ID: stop_instance_23, 다음 실행 시간: 2025-07-07 14:24:00+00:00
INFO 2025-07-06 17:20:40,807 apps 예약 스케줄러가 초기화되고 시작되었습니다.
INFO 2025-07-06 17:20:40,807 apps 스케줄러가 실행 중입니다.
INFO 2025-07-06 17:20:40,808 apps 등록된 작업 수: 2
INFO 2025-07-06 17:20:40,808 apps 작업: start_instance_23, 다음 실행: 2025-07-07 03:24:00+00:00
INFO 2025-07-06 17:20:40,808 apps 작업: stop_instance_23, 다음 실행: 2025-07-07 14:24:00+00:00
INFO 2025-07-06 17:20:58,791 scheduler 스케줄러 초기화 시작 - 현재 서버 시간(한국): 2025-07-06 17:20:58 KST+0900
INFO 2025-07-06 17:20:58,791 scheduler 현재 UTC 시간: 2025-07-06 08:20:58 UTC+0000
INFO 2025-07-06 17:20:58,799 scheduler 활성 예약 조회 결과: 0개 발견
INFO 2025-07-06 17:20:58,802 scheduler 0개의 활성 예약이 스케줄러에 로드되었습니다.
INFO 2025-07-06 17:20:58,803 scheduler 스케줄러가 성공적으로 시작되었습니다.
INFO 2025-07-06 17:20:58,847 scheduler 초기화 후 스케줄러에 등록된 작업 수: 2
INFO 2025-07-06 17:20:58,847 scheduler 작업 ID: start_instance_23, 다음 실행 시간: 2025-07-07 03:24:00+00:00
INFO 2025-07-06 17:20:58,847 scheduler 작업 ID: stop_instance_23, 다음 실행 시간: 2025-07-07 14:24:00+00:00
INFO 2025-07-06 17:20:58,847 apps 예약 스케줄러가 초기화되고 시작되었습니다.
INFO 2025-07-06 17:20:58,847 apps 스케줄러가 실행 중입니다.
INFO 2025-07-06 17:20:58,848 apps 등록된 작업 수: 2
INFO 2025-07-06 17:20:58,848 apps 작업: start_instance_23, 다음 실행: 2025-07-07 03:24:00+00:00
INFO 2025-07-06 17:20:58,849 apps 작업: stop_instance_23, 다음 실행: 2025-07-07 14:24:00+00:00
INFO 2025-07-06 17:21:10,709 scheduler 스케줄러 초기화 시작 - 현재 서버 시간(한국): 2025-07-06 17:21:10 KST+0900
INFO 2025-07-06 17:21:10,709 scheduler 현재 UTC 시간: 2025-07-06 08:21:10 UTC+0000
INFO 2025-07-06 17:21:10,717 scheduler 활성 예약 조회 결과: 0개 발견
INFO 2025-07-06 17:21:10,720 scheduler 0개의 활성 예약이 스케줄러에 로드되었습니다.
INFO 2025-07-06 17:21:10,721 scheduler 스케줄러가 성공적으로 시작되었습니다.
INFO 2025-07-06 17:21:10,770 scheduler 초기화 후 스케줄러에 등록된 작업 수: 2
INFO 2025-07-06 17:21:10,770 scheduler 작업 ID: start_instance_23, 다음 실행 시간: 2025-07-07 03:24:00+00:00
INFO 2025-07-06 17:21:10,770 scheduler 작업 ID: stop_instance_23, 다음 실행 시간: 2025-07-07 14:24:00+00:00
INFO 2025-07-06 17:21:10,770 apps 예약 스케줄러가 초기화되고 시작되었습니다.
INFO 2025-07-06 17:21:10,770 apps 스케줄러가 실행 중입니다.
INFO 2025-07-06 17:21:10,771 apps 등록된 작업 수: 2
INFO 2025-07-06 17:21:10,772 apps 작업: start_instance_23, 다음 실행: 2025-07-07 03:24:00+00:00
INFO 2025-07-06 17:21:10,772 apps 작업: stop_instance_23, 다음 실행: 2025-07-07 14:24:00+00:00
INFO 2025-07-06 17:21:26,070 reservation_views 전체 예약 수: 3, 해당 인스턴스 예약 수: 3
INFO 2025-07-06 17:21:26,073 reservation_views 필터링된 예약 수: 3
INFO 2025-07-06 17:21:26,073 reservation_views 예약 ID 27 시간: 2025-07-08T17:14:00+0900 ~ 2025-07-08T21:14:00+0900
INFO 2025-07-06 17:21:26,073 reservation_views 예약 ID 26 시간: 2025-07-07T16:50:00+0900 ~ 2025-07-07T20:50:00+0900
INFO 2025-07-06 17:21:26,073 reservation_views 예약 ID 19 시간: 2025-07-05T18:07:00+0900 ~ 2025-07-05T22:07:00+0900
INFO 2025-07-06 17:21:53,415 reservation_views 전체 예약 수: 0, 해당 인스턴스 예약 수: 0
INFO 2025-07-06 17:21:53,419 reservation_views 필터링된 예약 수: 0
INFO 2025-07-06 17:21:53,419 reservation_views 예약이 없어 테스트 데이터를 추가합니다.
INFO 2025-07-06 17:21:53,419 reservation_views 예약 ID 999 시간: 2025-07-06T18:21:53+0900 ~ 2025-07-06T20:21:53+0900
INFO 2025-07-06 17:22:20,514 reservation_views 전체 예약 수: 1, 해당 인스턴스 예약 수: 1
INFO 2025-07-06 17:22:20,516 reservation_views 필터링된 예약 수: 1
INFO 2025-07-06 17:22:20,516 reservation_views 예약 ID 28 시간: 2025-07-07T18:21:00+0900 ~ 2025-07-07T22:21:00+0900
INFO 2025-07-06 17:22:47,963 reservation_views 전체 예약 수: 1, 해당 인스턴스 예약 수: 1
INFO 2025-07-06 17:22:47,966 reservation_views 필터링된 예약 수: 1
INFO 2025-07-06 17:22:47,967 reservation_views 예약 ID 28 시간: 2025-07-07T18:21:00+0900 ~ 2025-07-07T22:21:00+0900


INFO 2025-07-06 17:24:10,793 scheduler 예약 ID 29 스케줄링 시작
INFO 2025-07-06 17:24:10,794 scheduler 현재 서버 시간(한국): 2025-07-06 17:24:10 KST+0900
INFO 2025-07-06 17:24:10,794 scheduler 현재 UTC 시간: 2025-07-06 08:24:10 UTC+0000
INFO 2025-07-06 17:24:10,794 scheduler 예약 시작 시간: 2025-07-06 08:25:00 UTC+0000
INFO 2025-07-06 17:24:10,794 scheduler 예약 종료 시간: 2025-07-06 08:35:00 UTC+0000
INFO 2025-07-06 17:24:10,797 scheduler 인스턴스 i-0fd598907992e2172 시작 작업이 2025-07-06 08:25:00+00:00에 예약되었습니다.
INFO 2025-07-06 17:24:10,801 scheduler 시작 작업 확인: ID=start_instance_29, 다음 실행 시간=2025-07-06 08:25:00+00:00
INFO 2025-07-06 17:24:10,803 scheduler 인스턴스 i-0fd598907992e2172 중지 작업이 2025-07-06 08:35:00+00:00에 예약되었습니다.
INFO 2025-07-06 17:24:10,807 scheduler 중지 작업 확인: ID=stop_instance_29, 다음 실행 시간=2025-07-06 08:35:00+00:00
INFO 2025-07-06 17:25:00,003 scheduler ======================================================
INFO 2025-07-06 17:25:00,004 scheduler ===== 인스턴스 시작 작업 실행 시작 - 2025-07-06 17:25:00.004176+09:00 =====
INFO 2025-07-06 17:25:00,005 scheduler ======================================================
INFO 2025-07-06 17:25:00,005 scheduler 예약 29에 따라 인스턴스 i-0fd598907992e2172 시작 작업 실행
INFO 2025-07-06 17:25:00,005 scheduler 현재 서버 시간(한국): 2025-07-06 17:25:00 KST+0900
INFO 2025-07-06 17:25:00,005 scheduler 현재 UTC 시간: 2025-07-06 08:25:00 UTC+0000
INFO 2025-07-06 17:25:00,046 scheduler 예약 정보 - 시작: 2025-07-06 08:25:00+00:00, 종료: 2025-07-06 08:35:00+00:00, 상태: approved
INFO 2025-07-06 17:25:00,046 scheduler 인스턴스 i-0fd598907992e2172 상태 확인 중...
INFO 2025-07-06 17:25:00,792 scheduler 시작 작업 전 인스턴스 i-0fd598907992e2172의 현재 상태: stopped
INFO 2025-07-06 17:25:00,792 scheduler 인스턴스 i-0fd598907992e2172 시작 요청 시작 (시도 1/3)...
INFO 2025-07-06 17:25:01,574 scheduler 인스턴스 i-0fd598907992e2172 시작 요청 응답 (시도 1): {'success': True, 'message': '인스턴스 i-0fd598907992e2172 시작 요청이 성공적으로 처리되었습니다.', 'data': {'StartingInstances': [{'InstanceId': 'i-0fd598907992e2172', 'CurrentState': {'Code': 0, 'Name': 'pending'}, 'PreviousState': {'Code': 80, 'Name': 'stopped'}}], 'ResponseMetadata': {'RequestId': '3827eadd-e3ff-43e4-8f4c-de514356c429', 'HTTPStatusCode': 200, 'HTTPHeaders': {'x-amzn-requestid': '3827eadd-e3ff-43e4-8f4c-de514356c429', 'cache-control': 'no-cache, no-store', 'strict-transport-security': 'max-age=31536000; includeSubDomains', 'content-type': 'text/xml;charset=UTF-8', 'content-length': '411', 'date': 'Sun, 06 Jul 2025 08:25:01 GMT', 'server': 'AmazonEC2'}, 'RetryAttempts': 0}}}
INFO 2025-07-06 17:25:01,574 scheduler 인스턴스 i-0fd598907992e2172 시작 요청이 성공적으로 처리되었습니다.
INFO 2025-07-06 17:25:01,574 scheduler 시작 요청 후 인스턴스 상태 확인 중...
INFO 2025-07-06 17:25:01,788 scheduler 시작 요청 후 인스턴스 i-0fd598907992e2172의 상태: stopped
INFO 2025-07-06 17:25:01,788 scheduler ======================================================
INFO 2025-07-06 17:25:01,788 scheduler ===== 인스턴스 시작 작업 실행 완료 - 2025-07-06 17:25:01.788603+09:00 =====
INFO 2025-07-06 17:25:01,788 scheduler ======================================================
INFO 2025-07-06 17:25:01,789 scheduler 작업 실행됨: start_instance_29, 실행 시간: 2025-07-06 17:25:01 KST+0900
INFO 2025-07-06 17:35:00,004 scheduler ======================================================
INFO 2025-07-06 17:35:00,005 scheduler ===== 인스턴스 중지 작업 실행 시작 - 2025-07-06 17:35:00.004904+09:00 =====
INFO 2025-07-06 17:35:00,005 scheduler ======================================================
INFO 2025-07-06 17:35:00,005 scheduler 예약 29에 따라 인스턴스 i-0fd598907992e2172 중지 작업 실행
INFO 2025-07-06 17:35:00,005 scheduler 현재 서버 시간(한국): 2025-07-06 17:35:00 KST+0900
INFO 2025-07-06 17:35:00,005 scheduler 현재 UTC 시간: 2025-07-06 08:35:00 UTC+0000
INFO 2025-07-06 17:35:00,008 scheduler 예약 정보 - 시작: 2025-07-06 08:25:00+00:00, 종료: 2025-07-06 08:35:00+00:00, 상태: approved
INFO 2025-07-06 17:35:00,008 scheduler 인스턴스 i-0fd598907992e2172 상태 확인 중...
INFO 2025-07-06 17:35:00,787 scheduler 중지 작업 전 인스턴스 i-0fd598907992e2172의 현재 상태: running
INFO 2025-07-06 17:35:00,787 scheduler 인스턴스 i-0fd598907992e2172 중지 요청 시작 (시도 1/3)...
INFO 2025-07-06 17:35:01,540 scheduler 인스턴스 i-0fd598907992e2172 중지 요청 응답 (시도 1): {'success': True, 'message': '인스턴스 i-0fd598907992e2172 중지 요청이 성공적으로 처리되었습니다.', 'data': {'StoppingInstances': [{'InstanceId': 'i-0fd598907992e2172', 'CurrentState': {'Code': 64, 'Name': 'stopping'}, 'PreviousState': {'Code': 16, 'Name': 'running'}}], 'ResponseMetadata': {'RequestId': 'ff455a21-2e8f-4e1a-b9e7-cdbbc581f618', 'HTTPStatusCode': 200, 'HTTPHeaders': {'x-amzn-requestid': 'ff455a21-2e8f-4e1a-b9e7-cdbbc581f618', 'cache-control': 'no-cache, no-store', 'strict-transport-security': 'max-age=31536000; includeSubDomains', 'content-type': 'text/xml;charset=UTF-8', 'content-length': '411', 'date': 'Sun, 06 Jul 2025 08:35:01 GMT', 'server': 'AmazonEC2'}, 'RetryAttempts': 0}}}
INFO 2025-07-06 17:35:01,540 scheduler 인스턴스 i-0fd598907992e2172 중지 요청이 성공적으로 처리되었습니다.
INFO 2025-07-06 17:35:01,541 scheduler 중지 요청 후 인스턴스 상태 확인 중...
INFO 2025-07-06 17:35:01,769 scheduler 중지 요청 후 인스턴스 i-0fd598907992e2172의 상태: running
INFO 2025-07-06 17:35:01,772 scheduler 예약 ID 29 상태를 'completed'로 업데이트했습니다.
INFO 2025-07-06 17:35:01,772 scheduler ======================================================
INFO 2025-07-06 17:35:01,772 scheduler ===== 인스턴스 중지 작업 실행 완료 - 2025-07-06 17:35:01.772582+09:00 =====
INFO 2025-07-06 17:35:01,772 scheduler ======================================================
INFO 2025-07-06 17:35:01,773 scheduler 작업 실행됨: stop_instance_29, 실행 시간: 2025-07-06 17:35:01 KST+0900
INFO 2025-07-06 17:42:20,279 reservation_views 전체 예약 수: 2, 해당 인스턴스 예약 수: 2
INFO 2025-07-06 17:42:20,282 reservation_views 필터링된 예약 수: 2
INFO 2025-07-06 17:42:20,282 reservation_views 예약 ID 29 시간: 2025-07-06T17:25:00+0900 ~ 2025-07-06T17:35:00+0900
INFO 2025-07-06 17:42:20,282 reservation_views 예약 ID 28 시간: 2025-07-07T18:21:00+0900 ~ 2025-07-07T22:21:00+0900
INFO 2025-07-06 17:42:49,180 scheduler 예약 ID 30 스케줄링 시작
INFO 2025-07-06 17:42:49,180 scheduler 현재 서버 시간(한국): 2025-07-06 17:42:49 KST+0900
INFO 2025-07-06 17:42:49,180 scheduler 현재 UTC 시간: 2025-07-06 08:42:49 UTC+0000
INFO 2025-07-06 17:42:49,181 scheduler 예약 시작 시간: 2025-07-06 08:43:00 UTC+0000
INFO 2025-07-06 17:42:49,181 scheduler 예약 종료 시간: 2025-07-06 08:49:00 UTC+0000
INFO 2025-07-06 17:42:49,185 scheduler 인스턴스 i-0fd598907992e2172 시작 작업이 2025-07-06 08:43:00+00:00에 예약되었습니다.
INFO 2025-07-06 17:42:49,191 scheduler 시작 작업 확인: ID=start_instance_30, 다음 실행 시간=2025-07-06 08:43:00+00:00
INFO 2025-07-06 17:42:49,193 scheduler 인스턴스 i-0fd598907992e2172 중지 작업이 2025-07-06 08:49:00+00:00에 예약되었습니다.
INFO 2025-07-06 17:42:49,198 scheduler 중지 작업 확인: ID=stop_instance_30, 다음 실행 시간=2025-07-06 08:49:00+00:00
INFO 2025-07-06 17:43:00,006 scheduler ======================================================
INFO 2025-07-06 17:43:00,006 scheduler ===== 인스턴스 시작 작업 실행 시작 - 2025-07-06 17:43:00.006239+09:00 =====
INFO 2025-07-06 17:43:00,006 scheduler ======================================================
INFO 2025-07-06 17:43:00,006 scheduler 예약 30에 따라 인스턴스 i-0fd598907992e2172 시작 작업 실행
INFO 2025-07-06 17:43:00,006 scheduler 현재 서버 시간(한국): 2025-07-06 17:43:00 KST+0900
INFO 2025-07-06 17:43:00,006 scheduler 현재 UTC 시간: 2025-07-06 08:43:00 UTC+0000
INFO 2025-07-06 17:43:00,008 scheduler 예약 정보 - 시작: 2025-07-06 08:43:00+00:00, 종료: 2025-07-06 08:49:00+00:00, 상태: approved
INFO 2025-07-06 17:43:00,008 scheduler 인스턴스 i-0fd598907992e2172 상태 확인 중...
INFO 2025-07-06 17:43:00,729 scheduler 시작 작업 전 인스턴스 i-0fd598907992e2172의 현재 상태: stopped
INFO 2025-07-06 17:43:00,730 scheduler 인스턴스 i-0fd598907992e2172 시작 요청 시작 (시도 1/3)...
INFO 2025-07-06 17:43:01,505 scheduler 인스턴스 i-0fd598907992e2172 시작 요청 응답 (시도 1): {'success': True, 'message': '인스턴스 i-0fd598907992e2172 시작 요청이 성공적으로 처리되었습니다.', 'data': {'StartingInstances': [{'InstanceId': 'i-0fd598907992e2172', 'CurrentState': {'Code': 0, 'Name': 'pending'}, 'PreviousState': {'Code': 80, 'Name': 'stopped'}}], 'ResponseMetadata': {'RequestId': '0a838507-0662-4cdc-b610-f53955389d2d', 'HTTPStatusCode': 200, 'HTTPHeaders': {'x-amzn-requestid': '0a838507-0662-4cdc-b610-f53955389d2d', 'cache-control': 'no-cache, no-store', 'strict-transport-security': 'max-age=31536000; includeSubDomains', 'content-type': 'text/xml;charset=UTF-8', 'content-length': '411', 'date': 'Sun, 06 Jul 2025 08:43:01 GMT', 'server': 'AmazonEC2'}, 'RetryAttempts': 0}}}
INFO 2025-07-06 17:43:01,505 scheduler 인스턴스 i-0fd598907992e2172 시작 요청이 성공적으로 처리되었습니다.
INFO 2025-07-06 17:43:01,505 scheduler 시작 요청 후 인스턴스 상태 확인 중...
INFO 2025-07-06 17:43:01,731 scheduler 시작 요청 후 인스턴스 i-0fd598907992e2172의 상태: stopped
INFO 2025-07-06 17:43:01,731 scheduler ======================================================
INFO 2025-07-06 17:43:01,731 scheduler ===== 인스턴스 시작 작업 실행 완료 - 2025-07-06 17:43:01.731455+09:00 =====
INFO 2025-07-06 17:43:01,731 scheduler ======================================================
INFO 2025-07-06 17:43:01,731 scheduler 작업 실행됨: start_instance_30, 실행 시간: 2025-07-06 17:43:01 KST+0900
INFO 2025-07-06 17:48:05,854 reservation_views 전체 예약 수: 3, 해당 인스턴스 예약 수: 3
INFO 2025-07-06 17:48:05,857 reservation_views 필터링된 예약 수: 3
INFO 2025-07-06 17:48:05,857 reservation_views 예약 ID 30 시간: 2025-07-06T17:43:00+0900 ~ 2025-07-06T17:49:00+0900
INFO 2025-07-06 17:48:05,858 reservation_views 예약 ID 29 시간: 2025-07-06T17:25:00+0900 ~ 2025-07-06T17:35:00+0900
INFO 2025-07-06 17:48:05,858 reservation_views 예약 ID 28 시간: 2025-07-07T18:21:00+0900 ~ 2025-07-07T22:21:00+0900
INFO 2025-07-06 17:48:21,777 reservation_views 전체 예약 수: 3, 해당 인스턴스 예약 수: 3
INFO 2025-07-06 17:48:21,780 reservation_views 필터링된 예약 수: 3
INFO 2025-07-06 17:48:21,780 reservation_views 예약 ID 30 시간: 2025-07-06T17:43:00+0900 ~ 2025-07-06T17:49:00+0900
INFO 2025-07-06 17:48:21,780 reservation_views 예약 ID 29 시간: 2025-07-06T17:25:00+0900 ~ 2025-07-06T17:35:00+0900
INFO 2025-07-06 17:48:21,781 reservation_views 예약 ID 28 시간: 2025-07-07T18:21:00+0900 ~ 2025-07-07T22:21:00+0900
INFO 2025-07-06 17:48:25,095 reservation_views 전체 예약 수: 3, 해당 인스턴스 예약 수: 3
INFO 2025-07-06 17:48:25,098 reservation_views 필터링된 예약 수: 3
INFO 2025-07-06 17:48:25,098 reservation_views 예약 ID 30 시간: 2025-07-06T17:43:00+0900 ~ 2025-07-06T17:49:00+0900
INFO 2025-07-06 17:48:25,098 reservation_views 예약 ID 29 시간: 2025-07-06T17:25:00+0900 ~ 2025-07-06T17:35:00+0900
INFO 2025-07-06 17:48:25,098 reservation_views 예약 ID 28 시간: 2025-07-07T18:21:00+0900 ~ 2025-07-07T22:21:00+0900
INFO 2025-07-06 17:49:00,004 scheduler ======================================================
INFO 2025-07-06 17:49:00,004 scheduler ===== 인스턴스 중지 작업 실행 시작 - 2025-07-06 17:49:00.004718+09:00 =====
INFO 2025-07-06 17:49:00,004 scheduler ======================================================
INFO 2025-07-06 17:49:00,005 scheduler 예약 30에 따라 인스턴스 i-0fd598907992e2172 중지 작업 실행
INFO 2025-07-06 17:49:00,005 scheduler 현재 서버 시간(한국): 2025-07-06 17:49:00 KST+0900
INFO 2025-07-06 17:49:00,005 scheduler 현재 UTC 시간: 2025-07-06 08:49:00 UTC+0000
INFO 2025-07-06 17:49:00,007 scheduler 예약 정보 - 시작: 2025-07-06 08:43:00+00:00, 종료: 2025-07-06 08:49:00+00:00, 상태: approved
INFO 2025-07-06 17:49:00,007 scheduler 인스턴스 i-0fd598907992e2172 상태 확인 중...
INFO 2025-07-06 17:49:00,821 scheduler 중지 작업 전 인스턴스 i-0fd598907992e2172의 현재 상태: running
INFO 2025-07-06 17:49:00,821 scheduler 인스턴스 i-0fd598907992e2172 중지 요청 시작 (시도 1/3)...
INFO 2025-07-06 17:49:01,558 scheduler 인스턴스 i-0fd598907992e2172 중지 요청 응답 (시도 1): {'success': True, 'message': '인스턴스 i-0fd598907992e2172 중지 요청이 성공적으로 처리되었습니다.', 'data': {'StoppingInstances': [{'InstanceId': 'i-0fd598907992e2172', 'CurrentState': {'Code': 64, 'Name': 'stopping'}, 'PreviousState': {'Code': 16, 'Name': 'running'}}], 'ResponseMetadata': {'RequestId': '22903de5-fff3-49f3-9e92-a8dd604e42b9', 'HTTPStatusCode': 200, 'HTTPHeaders': {'x-amzn-requestid': '22903de5-fff3-49f3-9e92-a8dd604e42b9', 'cache-control': 'no-cache, no-store', 'strict-transport-security': 'max-age=31536000; includeSubDomains', 'content-type': 'text/xml;charset=UTF-8', 'content-length': '411', 'date': 'Sun, 06 Jul 2025 08:49:01 GMT', 'server': 'AmazonEC2'}, 'RetryAttempts': 0}}}
INFO 2025-07-06 17:49:01,559 scheduler 인스턴스 i-0fd598907992e2172 중지 요청이 성공적으로 처리되었습니다.
INFO 2025-07-06 17:49:01,559 scheduler 중지 요청 후 인스턴스 상태 확인 중...
INFO 2025-07-06 17:49:01,772 scheduler 중지 요청 후 인스턴스 i-0fd598907992e2172의 상태: running
INFO 2025-07-06 17:49:01,775 scheduler 예약 ID 30 상태를 'completed'로 업데이트했습니다.
INFO 2025-07-06 17:49:01,775 scheduler ======================================================
INFO 2025-07-06 17:49:01,775 scheduler ===== 인스턴스 중지 작업 실행 완료 - 2025-07-06 17:49:01.775379+09:00 =====
INFO 2025-07-06 17:49:01,775 scheduler ======================================================
INFO 2025-07-06 17:49:01,775 scheduler 작업 실행됨: stop_instance_30, 실행 시간: 2025-07-06 17:49:01 KST+0900
INFO 2025-07-07 10:23:05,086 reservation_views 전체 예약 수: 3, 해당 인스턴스 예약 수: 3
INFO 2025-07-07 10:23:05,090 reservation_views 필터링된 예약 수: 3
INFO 2025-07-07 10:23:05,091 reservation_views 예약 ID 30 시간: 2025-07-06T17:43:00+0900 ~ 2025-07-06T17:49:00+0900
INFO 2025-07-07 10:23:05,091 reservation_views 예약 ID 29 시간: 2025-07-06T17:25:00+0900 ~ 2025-07-06T17:35:00+0900
INFO 2025-07-07 10:23:05,091 reservation_views 예약 ID 28 시간: 2025-07-07T18:21:00+0900 ~ 2025-07-07T22:21:00+0900
INFO 2025-07-07 11:33:28,042 reservation_views 전체 예약 수: 3, 해당 인스턴스 예약 수: 3
INFO 2025-07-07 11:33:28,044 reservation_views 필터링된 예약 수: 3
INFO 2025-07-07 11:33:28,045 reservation_views 예약 ID 30 시간: 2025-07-06T17:43:00+0900 ~ 2025-07-06T17:49:00+0900
INFO 2025-07-07 11:33:28,045 reservation_views 예약 ID 29 시간: 2025-07-06T17:25:00+0900 ~ 2025-07-06T17:35:00+0900
INFO 2025-07-07 11:33:28,045 reservation_views 예약 ID 28 시간: 2025-07-07T18:21:00+0900 ~ 2025-07-07T22:21:00+0900
INFO 2025-07-07 11:34:26,316 reservation_views 전체 예약 수: 4, 해당 인스턴스 예약 수: 4
INFO 2025-07-07 11:34:26,319 reservation_views 필터링된 예약 수: 4
INFO 2025-07-07 11:34:26,319 reservation_views 예약 ID 31 시간: 2025-07-07T12:33:00+0900 ~ 2025-07-07T16:33:00+0900
INFO 2025-07-07 11:34:26,320 reservation_views 예약 ID 30 시간: 2025-07-06T17:43:00+0900 ~ 2025-07-06T17:49:00+0900
INFO 2025-07-07 11:34:26,320 reservation_views 예약 ID 29 시간: 2025-07-06T17:25:00+0900 ~ 2025-07-06T17:35:00+0900
INFO 2025-07-07 11:34:26,320 reservation_views 예약 ID 28 시간: 2025-07-07T18:21:00+0900 ~ 2025-07-07T22:21:00+0900
INFO 2025-07-07 11:36:55,576 reservation_views 전체 예약 수: 4, 해당 인스턴스 예약 수: 4
INFO 2025-07-07 11:36:55,578 reservation_views 필터링된 예약 수: 4
INFO 2025-07-07 11:36:55,578 reservation_views 예약 ID 31 시간: 2025-07-07T12:33:00+0900 ~ 2025-07-07T16:33:00+0900
INFO 2025-07-07 11:36:55,578 reservation_views 예약 ID 30 시간: 2025-07-06T17:43:00+0900 ~ 2025-07-06T17:49:00+0900
INFO 2025-07-07 11:36:55,578 reservation_views 예약 ID 29 시간: 2025-07-06T17:25:00+0900 ~ 2025-07-06T17:35:00+0900
INFO 2025-07-07 11:36:55,579 reservation_views 예약 ID 28 시간: 2025-07-07T18:21:00+0900 ~ 2025-07-07T22:21:00+0900
INFO 2025-07-08 12:39:46,025 reservation_views 전체 예약 수: 4, 해당 인스턴스 예약 수: 4
INFO 2025-07-08 12:39:46,028 reservation_views 필터링된 예약 수: 4
INFO 2025-07-08 12:39:46,028 reservation_views 예약 ID 31 시간: 2025-07-07T12:33:00+0900 ~ 2025-07-07T16:33:00+0900
INFO 2025-07-08 12:39:46,029 reservation_views 예약 ID 30 시간: 2025-07-06T17:43:00+0900 ~ 2025-07-06T17:49:00+0900
INFO 2025-07-08 12:39:46,029 reservation_views 예약 ID 29 시간: 2025-07-06T17:25:00+0900 ~ 2025-07-06T17:35:00+0900
INFO 2025-07-08 12:39:46,029 reservation_views 예약 ID 28 시간: 2025-07-07T18:21:00+0900 ~ 2025-07-07T22:21:00+0900
INFO 2025-07-08 15:24:37,818 reservation_views 전체 예약 수: 4, 해당 인스턴스 예약 수: 4
INFO 2025-07-08 15:24:37,820 reservation_views 필터링된 예약 수: 4
INFO 2025-07-08 15:24:37,820 reservation_views 예약 ID 31 시간: 2025-07-07T12:33:00+0900 ~ 2025-07-07T16:33:00+0900
INFO 2025-07-08 15:24:37,820 reservation_views 예약 ID 30 시간: 2025-07-06T17:43:00+0900 ~ 2025-07-06T17:49:00+0900
INFO 2025-07-08 15:24:37,820 reservation_views 예약 ID 29 시간: 2025-07-06T17:25:00+0900 ~ 2025-07-06T17:35:00+0900
INFO 2025-07-08 15:24:37,820 reservation_views 예약 ID 28 시간: 2025-07-07T18:21:00+0900 ~ 2025-07-07T22:21:00+0900
INFO 2025-07-08 15:25:48,033 reservation_views 전체 예약 수: 4, 해당 인스턴스 예약 수: 4
INFO 2025-07-08 15:25:48,036 reservation_views 필터링된 예약 수: 4
INFO 2025-07-08 15:25:48,036 reservation_views 예약 ID 31 시간: 2025-07-07T12:33:00+0900 ~ 2025-07-07T16:33:00+0900
INFO 2025-07-08 15:25:48,036 reservation_views 예약 ID 30 시간: 2025-07-06T17:43:00+0900 ~ 2025-07-06T17:49:00+0900
INFO 2025-07-08 15:25:48,036 reservation_views 예약 ID 29 시간: 2025-07-06T17:25:00+0900 ~ 2025-07-06T17:35:00+0900
INFO 2025-07-08 15:25:48,037 reservation_views 예약 ID 28 시간: 2025-07-07T18:21:00+0900 ~ 2025-07-07T22:21:00+0900
INFO 2025-07-08 15:26:00,640 reservation_views 전체 예약 수: 4, 해당 인스턴스 예약 수: 4
INFO 2025-07-08 15:26:00,643 reservation_views 필터링된 예약 수: 4
INFO 2025-07-08 15:26:00,643 reservation_views 예약 ID 31 시간: 2025-07-07T12:33:00+0900 ~ 2025-07-07T16:33:00+0900
INFO 2025-07-08 15:26:00,644 reservation_views 예약 ID 30 시간: 2025-07-06T17:43:00+0900 ~ 2025-07-06T17:49:00+0900
INFO 2025-07-08 15:26:00,644 reservation_views 예약 ID 29 시간: 2025-07-06T17:25:00+0900 ~ 2025-07-06T17:35:00+0900
INFO 2025-07-08 15:26:00,644 reservation_views 예약 ID 28 시간: 2025-07-07T18:21:00+0900 ~ 2025-07-07T22:21:00+0900
INFO 2025-07-08 15:26:31,085 reservation_views 전체 예약 수: 4, 해당 인스턴스 예약 수: 4
INFO 2025-07-08 15:26:31,087 reservation_views 필터링된 예약 수: 4
INFO 2025-07-08 15:26:31,087 reservation_views 예약 ID 31 시간: 2025-07-07T12:33:00+0900 ~ 2025-07-07T16:33:00+0900
INFO 2025-07-08 15:26:31,087 reservation_views 예약 ID 30 시간: 2025-07-06T17:43:00+0900 ~ 2025-07-06T17:49:00+0900
INFO 2025-07-08 15:26:31,087 reservation_views 예약 ID 29 시간: 2025-07-06T17:25:00+0900 ~ 2025-07-06T17:35:00+0900
INFO 2025-07-08 15:26:31,087 reservation_views 예약 ID 28 시간: 2025-07-07T18:21:00+0900 ~ 2025-07-07T22:21:00+0900
INFO 2025-07-08 15:31:46,837 scheduler 예약 ID 32 스케줄링 시작
INFO 2025-07-08 15:31:46,837 scheduler 현재 서버 시간(한국): 2025-07-08 15:31:46 KST+0900
INFO 2025-07-08 15:31:46,837 scheduler 현재 UTC 시간: 2025-07-08 06:31:46 UTC+0000
INFO 2025-07-08 15:31:46,837 scheduler 예약 시작 시간: 2025-07-08 06:26:00 UTC+0000
INFO 2025-07-08 15:31:46,837 scheduler 예약 종료 시간: 2025-07-08 08:26:00 UTC+0000
INFO 2025-07-08 15:31:46,837 scheduler 인스턴스 i-0fd598907992e2172 시작 시간이 현재보다 과거이므로 시작 작업을 스케줄링하지 않습니다.
INFO 2025-07-08 15:31:46,840 scheduler 인스턴스 i-0fd598907992e2172 중지 작업이 2025-07-08 08:26:00+00:00에 예약되었습니다.
INFO 2025-07-08 15:31:46,845 scheduler 중지 작업 확인: ID=stop_instance_32, 다음 실행 시간=2025-07-08 08:26:00+00:00
INFO 2025-07-08 15:43:58,222 reservation_views 전체 예약 수: 5, 해당 인스턴스 예약 수: 5
INFO 2025-07-08 15:43:58,225 reservation_views 필터링된 예약 수: 5
INFO 2025-07-08 15:43:58,226 reservation_views 예약 ID 32 시간: 2025-07-08T15:26:00+0900 ~ 2025-07-08T17:26:00+0900
INFO 2025-07-08 15:43:58,226 reservation_views 예약 ID 31 시간: 2025-07-07T12:33:00+0900 ~ 2025-07-07T16:33:00+0900
INFO 2025-07-08 15:43:58,226 reservation_views 예약 ID 30 시간: 2025-07-06T17:43:00+0900 ~ 2025-07-06T17:49:00+0900
INFO 2025-07-08 15:43:58,226 reservation_views 예약 ID 29 시간: 2025-07-06T17:25:00+0900 ~ 2025-07-06T17:35:00+0900
INFO 2025-07-08 15:43:58,226 reservation_views 예약 ID 28 시간: 2025-07-07T18:21:00+0900 ~ 2025-07-07T22:21:00+0900
INFO 2025-07-08 17:05:38,642 reservation_views 전체 예약 수: 5, 해당 인스턴스 예약 수: 5
INFO 2025-07-08 17:05:38,645 reservation_views 필터링된 예약 수: 5
INFO 2025-07-08 17:05:38,645 reservation_views 예약 ID 32 시간: 2025-07-08T15:26:00+0900 ~ 2025-07-08T17:26:00+0900
INFO 2025-07-08 17:05:38,645 reservation_views 예약 ID 31 시간: 2025-07-07T12:33:00+0900 ~ 2025-07-07T16:33:00+0900
INFO 2025-07-08 17:05:38,645 reservation_views 예약 ID 30 시간: 2025-07-06T17:43:00+0900 ~ 2025-07-06T17:49:00+0900
INFO 2025-07-08 17:05:38,645 reservation_views 예약 ID 29 시간: 2025-07-06T17:25:00+0900 ~ 2025-07-06T17:35:00+0900
INFO 2025-07-08 17:05:38,646 reservation_views 예약 ID 28 시간: 2025-07-07T18:21:00+0900 ~ 2025-07-07T22:21:00+0900
INFO 2025-07-08 17:26:00,003 scheduler ======================================================
INFO 2025-07-08 17:26:00,003 scheduler ===== 인스턴스 중지 작업 실행 시작 - 2025-07-08 17:26:00.003402+09:00 =====
INFO 2025-07-08 17:26:00,004 scheduler ======================================================
INFO 2025-07-08 17:26:00,004 scheduler 예약 32에 따라 인스턴스 i-0fd598907992e2172 중지 작업 실행
INFO 2025-07-08 17:26:00,005 scheduler 현재 서버 시간(한국): 2025-07-08 17:26:00 KST+0900
INFO 2025-07-08 17:26:00,005 scheduler 현재 UTC 시간: 2025-07-08 08:26:00 UTC+0000
INFO 2025-07-08 17:26:00,050 scheduler 예약 정보 - 시작: 2025-07-08 06:26:00+00:00, 종료: 2025-07-08 08:26:00+00:00, 상태: approved
INFO 2025-07-08 17:26:00,050 scheduler 인스턴스 i-0fd598907992e2172 상태 확인 중...
INFO 2025-07-08 17:26:00,846 scheduler 중지 작업 전 인스턴스 i-0fd598907992e2172의 현재 상태: running
INFO 2025-07-08 17:26:00,846 scheduler 인스턴스 i-0fd598907992e2172 중지 요청 시작 (시도 1/3)...
INFO 2025-07-08 17:26:01,661 scheduler 인스턴스 i-0fd598907992e2172 중지 요청 응답 (시도 1): {'success': True, 'message': '인스턴스 i-0fd598907992e2172 중지 요청이 성공적으로 처리되었습니다.', 'data': {'StoppingInstances': [{'InstanceId': 'i-0fd598907992e2172', 'CurrentState': {'Code': 64, 'Name': 'stopping'}, 'PreviousState': {'Code': 16, 'Name': 'running'}}], 'ResponseMetadata': {'RequestId': '37dcdce5-56ea-4534-b921-f35742965426', 'HTTPStatusCode': 200, 'HTTPHeaders': {'x-amzn-requestid': '37dcdce5-56ea-4534-b921-f35742965426', 'cache-control': 'no-cache, no-store', 'strict-transport-security': 'max-age=31536000; includeSubDomains', 'content-type': 'text/xml;charset=UTF-8', 'content-length': '411', 'date': 'Tue, 08 Jul 2025 08:26:01 GMT', 'server': 'AmazonEC2'}, 'RetryAttempts': 0}}}
INFO 2025-07-08 17:26:01,662 scheduler 인스턴스 i-0fd598907992e2172 중지 요청이 성공적으로 처리되었습니다.
INFO 2025-07-08 17:26:01,662 scheduler 중지 요청 후 인스턴스 상태 확인 중...
INFO 2025-07-08 17:26:01,885 scheduler 중지 요청 후 인스턴스 i-0fd598907992e2172의 상태: running
INFO 2025-07-08 17:26:01,886 scheduler 예약 ID 32 상태를 'completed'로 업데이트했습니다.
INFO 2025-07-08 17:26:01,887 scheduler ======================================================
INFO 2025-07-08 17:26:01,887 scheduler ===== 인스턴스 중지 작업 실행 완료 - 2025-07-08 17:26:01.887182+09:00 =====
INFO 2025-07-08 17:26:01,887 scheduler ======================================================
INFO 2025-07-08 17:26:01,887 scheduler 작업 실행됨: stop_instance_32, 실행 시간: 2025-07-08 17:26:01 KST+0900
