INFO 2025-07-03 04:47:35,370 scheduler 스케줄러 초기화 시작 - 현재 서버 시간(한국): 2025-07-03 13:47:35 KST+0900
INFO 2025-07-03 04:47:35,370 scheduler 현재 UTC 시간: 2025-07-03 04:47:35 UTC+0000
INFO 2025-07-03 04:47:35,378 scheduler 활성 예약 조회 결과: 0개 발견
INFO 2025-07-03 04:47:35,381 scheduler 0개의 활성 예약이 스케줄러에 로드되었습니다.
INFO 2025-07-03 04:47:35,382 scheduler 스케줄러가 성공적으로 시작되었습니다.
INFO 2025-07-03 04:47:35,426 scheduler 초기화 후 스케줄러에 등록된 작업 수: 0
INFO 2025-07-03 04:47:35,427 apps 예약 스케줄러가 초기화되고 시작되었습니다.
INFO 2025-07-03 04:47:35,427 apps 스케줄러가 실행 중입니다.
INFO 2025-07-03 04:47:35,428 apps 등록된 작업 수: 0
INFO 2025-07-03 04:47:35,473 scheduler 스케줄러 초기화 시작 - 현재 서버 시간(한국): 2025-07-03 13:47:35 KST+0900
INFO 2025-07-03 04:47:35,473 scheduler 현재 UTC 시간: 2025-07-03 04:47:35 UTC+0000
INFO 2025-07-03 04:47:35,473 scheduler 스케줄러 초기화 시작 - 현재 서버 시간(한국): 2025-07-03 13:47:35 KST+0900
INFO 2025-07-03 04:47:35,474 scheduler 현재 UTC 시간: 2025-07-03 04:47:35 UTC+0000
INFO 2025-07-03 04:47:35,481 scheduler 활성 예약 조회 결과: 0개 발견
INFO 2025-07-03 04:47:35,482 scheduler 활성 예약 조회 결과: 0개 발견
INFO 2025-07-03 04:47:35,483 scheduler 0개의 활성 예약이 스케줄러에 로드되었습니다.
INFO 2025-07-03 04:47:35,484 scheduler 0개의 활성 예약이 스케줄러에 로드되었습니다.
INFO 2025-07-03 04:47:35,484 scheduler 스케줄러가 성공적으로 시작되었습니다.
INFO 2025-07-03 04:47:35,485 scheduler 스케줄러가 성공적으로 시작되었습니다.
INFO 2025-07-03 04:47:35,523 scheduler 초기화 후 스케줄러에 등록된 작업 수: 0
INFO 2025-07-03 04:47:35,523 scheduler 초기화 후 스케줄러에 등록된 작업 수: 0
INFO 2025-07-03 04:47:35,523 apps 예약 스케줄러가 초기화되고 시작되었습니다.
INFO 2025-07-03 04:47:35,523 apps 스케줄러가 실행 중입니다.
INFO 2025-07-03 04:47:35,523 apps 예약 스케줄러가 초기화되고 시작되었습니다.
INFO 2025-07-03 04:47:35,523 apps 스케줄러가 실행 중입니다.
INFO 2025-07-03 04:47:35,524 apps 등록된 작업 수: 0
INFO 2025-07-03 04:47:35,524 apps 등록된 작업 수: 0
INFO 2025-07-03 04:48:50,078 scheduler 예약 ID 6 스케줄링 시작
INFO 2025-07-03 04:48:50,078 scheduler 현재 서버 시간(한국): 2025-07-03 13:48:50 KST+0900
INFO 2025-07-03 04:48:50,078 scheduler 현재 UTC 시간: 2025-07-03 04:48:50 UTC+0000
INFO 2025-07-03 04:48:50,078 scheduler 예약 시작 시간: 2025-07-03 04:49:00 UTC+0000
INFO 2025-07-03 04:48:50,078 scheduler 예약 종료 시간: 2025-07-03 04:50:00 UTC+0000
INFO 2025-07-03 04:48:50,081 scheduler 인스턴스 i-0fd598907992e2172 시작 작업이 2025-07-03 04:49:00+00:00에 예약되었습니다.
INFO 2025-07-03 04:48:50,083 scheduler 시작 작업 확인: ID=start_instance_6, 다음 실행 시간=2025-07-03 04:49:00+00:00
INFO 2025-07-03 04:48:50,085 scheduler 인스턴스 i-0fd598907992e2172 중지 작업이 2025-07-03 04:50:00+00:00에 예약되었습니다.
INFO 2025-07-03 04:48:50,086 scheduler 중지 작업 확인: ID=stop_instance_6, 다음 실행 시간=2025-07-03 04:50:00+00:00
ERROR 2025-07-03 04:48:50,086 scheduler 중지 작업 스케줄링 중 오류: local variable 'test_stop_job_id' referenced before assignment
ERROR 2025-07-03 04:48:50,086 scheduler 상세 오류: Traceback (most recent call last):
  File "/app/aws_gpu_monitoring/server_manager/scheduler.py", line 253, in schedule_reservation_jobs
    test_job = scheduler.get_job(test_stop_job_id)
UnboundLocalError: local variable 'test_stop_job_id' referenced before assignment

INFO 2025-07-03 04:49:00,002 scheduler 예약 6에 따라 인스턴스 i-0fd598907992e2172 시작 작업 실행
INFO 2025-07-03 04:49:01,339 scheduler 인스턴스 i-0fd598907992e2172 시작 성공: 인스턴스 i-0fd598907992e2172 시작 요청이 성공적으로 처리되었습니다.
INFO 2025-07-03 04:49:01,340 scheduler 작업 실행됨: start_instance_6, 실행 시간: 2025-07-03 13:49:01 KST+0900
INFO 2025-07-03 04:50:00,002 scheduler ======================================================
INFO 2025-07-03 04:50:00,003 scheduler ===== 인스턴스 중지 작업 실행 시작 - 2025-07-03 13:50:00.003187+09:00 =====
INFO 2025-07-03 04:50:00,004 scheduler ======================================================
INFO 2025-07-03 04:50:00,004 scheduler 예약 6에 따라 인스턴스 i-0fd598907992e2172 중지 작업 실행
INFO 2025-07-03 04:50:00,005 scheduler 현재 서버 시간(한국): 2025-07-03 13:50:00 KST+0900
INFO 2025-07-03 04:50:00,005 scheduler 현재 UTC 시간: 2025-07-03 04:50:00 UTC+0000
INFO 2025-07-03 04:50:00,010 scheduler 예약 정보 - 시작: 2025-07-03 04:49:00+00:00, 종료: 2025-07-03 04:50:00+00:00, 상태: approved
INFO 2025-07-03 04:50:00,010 scheduler 인스턴스 i-0fd598907992e2172 상태 확인 중...
INFO 2025-07-03 04:50:00,249 scheduler 중지 작업 전 인스턴스 i-0fd598907992e2172의 현재 상태: running
INFO 2025-07-03 04:50:00,249 scheduler 인스턴스 i-0fd598907992e2172 중지 요청 시작 (시도 1/3)...
INFO 2025-07-03 04:50:01,094 scheduler 인스턴스 i-0fd598907992e2172 중지 요청 응답 (시도 1): {'success': True, 'message': '인스턴스 i-0fd598907992e2172 중지 요청이 성공적으로 처리되었습니다.', 'data': {'StoppingInstances': [{'InstanceId': 'i-0fd598907992e2172', 'CurrentState': {'Code': 64, 'Name': 'stopping'}, 'PreviousState': {'Code': 16, 'Name': 'running'}}], 'ResponseMetadata': {'RequestId': '179afebe-cf5e-4261-a997-9d31c061ba3e', 'HTTPStatusCode': 200, 'HTTPHeaders': {'x-amzn-requestid': '179afebe-cf5e-4261-a997-9d31c061ba3e', 'cache-control': 'no-cache, no-store', 'strict-transport-security': 'max-age=31536000; includeSubDomains', 'content-type': 'text/xml;charset=UTF-8', 'content-length': '411', 'date': 'Thu, 03 Jul 2025 04:50:01 GMT', 'server': 'AmazonEC2'}, 'RetryAttempts': 0}}}
INFO 2025-07-03 04:50:01,095 scheduler 인스턴스 i-0fd598907992e2172 중지 요청이 성공적으로 처리되었습니다.
INFO 2025-07-03 04:50:01,095 scheduler 중지 요청 후 인스턴스 상태 확인 중...
INFO 2025-07-03 04:50:01,355 scheduler 중지 요청 후 인스턴스 i-0fd598907992e2172의 상태: stopping
INFO 2025-07-03 04:50:01,358 scheduler 예약 ID 6 상태를 'completed'로 업데이트했습니다.
INFO 2025-07-03 04:50:01,358 scheduler ======================================================
INFO 2025-07-03 04:50:01,358 scheduler ===== 인스턴스 중지 작업 실행 완료 - 2025-07-03 13:50:01.358548+09:00 =====
INFO 2025-07-03 04:50:01,358 scheduler ======================================================
INFO 2025-07-03 04:50:01,358 scheduler 작업 실행됨: stop_instance_6, 실행 시간: 2025-07-03 13:50:01 KST+0900
INFO 2025-07-03 04:53:18,329 scheduler 스케줄러 초기화 시작 - 현재 서버 시간(한국): 2025-07-03 13:53:18 KST+0900
INFO 2025-07-03 04:53:18,329 scheduler 현재 UTC 시간: 2025-07-03 04:53:18 UTC+0000
INFO 2025-07-03 04:53:18,337 scheduler 활성 예약 조회 결과: 0개 발견
INFO 2025-07-03 04:53:18,341 scheduler 0개의 활성 예약이 스케줄러에 로드되었습니다.
INFO 2025-07-03 04:53:18,342 scheduler 스케줄러가 성공적으로 시작되었습니다.
INFO 2025-07-03 04:53:18,385 scheduler 초기화 후 스케줄러에 등록된 작업 수: 0
INFO 2025-07-03 04:53:18,385 apps 예약 스케줄러가 초기화되고 시작되었습니다.
INFO 2025-07-03 04:53:18,385 apps 스케줄러가 실행 중입니다.
INFO 2025-07-03 04:53:18,386 apps 등록된 작업 수: 0
INFO 2025-07-03 04:53:18,400 scheduler 스케줄러 초기화 시작 - 현재 서버 시간(한국): 2025-07-03 13:53:18 KST+0900
INFO 2025-07-03 04:53:18,401 scheduler 현재 UTC 시간: 2025-07-03 04:53:18 UTC+0000
INFO 2025-07-03 04:53:18,406 scheduler 활성 예약 조회 결과: 0개 발견
INFO 2025-07-03 04:53:18,408 scheduler 0개의 활성 예약이 스케줄러에 로드되었습니다.
INFO 2025-07-03 04:53:18,409 scheduler 스케줄러가 성공적으로 시작되었습니다.
INFO 2025-07-03 04:53:18,443 scheduler 초기화 후 스케줄러에 등록된 작업 수: 0
INFO 2025-07-03 04:53:18,443 apps 예약 스케줄러가 초기화되고 시작되었습니다.
INFO 2025-07-03 04:53:18,443 apps 스케줄러가 실행 중입니다.
INFO 2025-07-03 04:53:18,444 apps 등록된 작업 수: 0
INFO 2025-07-03 04:53:18,494 scheduler 스케줄러 초기화 시작 - 현재 서버 시간(한국): 2025-07-03 13:53:18 KST+0900
INFO 2025-07-03 04:53:18,494 scheduler 현재 UTC 시간: 2025-07-03 04:53:18 UTC+0000
INFO 2025-07-03 04:53:18,497 scheduler 활성 예약 조회 결과: 0개 발견
INFO 2025-07-03 04:53:18,499 scheduler 0개의 활성 예약이 스케줄러에 로드되었습니다.
INFO 2025-07-03 04:53:18,500 scheduler 스케줄러가 성공적으로 시작되었습니다.
INFO 2025-07-03 04:53:18,535 scheduler 초기화 후 스케줄러에 등록된 작업 수: 0
INFO 2025-07-03 04:53:18,535 apps 예약 스케줄러가 초기화되고 시작되었습니다.
INFO 2025-07-03 04:53:18,535 apps 스케줄러가 실행 중입니다.
INFO 2025-07-03 04:53:18,536 apps 등록된 작업 수: 0
INFO 2025-07-03 04:53:50,435 scheduler 예약 ID 7 스케줄링 시작
INFO 2025-07-03 04:53:50,436 scheduler 현재 서버 시간(한국): 2025-07-03 13:53:50 KST+0900
INFO 2025-07-03 04:53:50,436 scheduler 현재 UTC 시간: 2025-07-03 04:53:50 UTC+0000
INFO 2025-07-03 04:53:50,436 scheduler 예약 시작 시간: 2025-07-03 04:54:00 UTC+0000
INFO 2025-07-03 04:53:50,436 scheduler 예약 종료 시간: 2025-07-03 04:56:00 UTC+0000
INFO 2025-07-03 04:53:50,440 scheduler 인스턴스 i-0fd598907992e2172 시작 작업이 2025-07-03 04:54:00+00:00에 예약되었습니다.
INFO 2025-07-03 04:53:50,443 scheduler 시작 작업 확인: ID=start_instance_7, 다음 실행 시간=2025-07-03 04:54:00+00:00
INFO 2025-07-03 04:53:50,445 scheduler 인스턴스 i-0fd598907992e2172 중지 작업이 2025-07-03 04:56:00+00:00에 예약되었습니다.
INFO 2025-07-03 04:53:50,448 scheduler 중지 작업 확인: ID=stop_instance_7, 다음 실행 시간=2025-07-03 04:56:00+00:00
INFO 2025-07-03 04:54:00,003 scheduler 예약 7에 따라 인스턴스 i-0fd598907992e2172 시작 작업 실행
ERROR 2025-07-03 04:54:01,323 scheduler 인스턴스 i-0fd598907992e2172 시작 실패: 인스턴스 시작 중 오류가 발생했습니다: An error occurred (IncorrectInstanceState) when calling the StartInstances operation: The instance 'i-0fd598907992e2172' is not in a state from which it can be started.
INFO 2025-07-03 04:54:01,323 scheduler 작업 실행됨: start_instance_7, 실행 시간: 2025-07-03 13:54:01 KST+0900
INFO 2025-07-03 04:56:00,002 scheduler ======================================================
INFO 2025-07-03 04:56:00,003 scheduler ===== 인스턴스 중지 작업 실행 시작 - 2025-07-03 13:56:00.002932+09:00 =====
INFO 2025-07-03 04:56:00,003 scheduler ======================================================
INFO 2025-07-03 04:56:00,003 scheduler 예약 7에 따라 인스턴스 i-0fd598907992e2172 중지 작업 실행
INFO 2025-07-03 04:56:00,003 scheduler 현재 서버 시간(한국): 2025-07-03 13:56:00 KST+0900
INFO 2025-07-03 04:56:00,003 scheduler 현재 UTC 시간: 2025-07-03 04:56:00 UTC+0000
INFO 2025-07-03 04:56:00,009 scheduler 예약 정보 - 시작: 2025-07-03 04:54:00+00:00, 종료: 2025-07-03 04:56:00+00:00, 상태: approved
INFO 2025-07-03 04:56:00,009 scheduler 인스턴스 i-0fd598907992e2172 상태 확인 중...
INFO 2025-07-03 04:56:00,707 scheduler 중지 작업 전 인스턴스 i-0fd598907992e2172의 현재 상태: stopping
INFO 2025-07-03 04:56:00,707 scheduler 인스턴스 i-0fd598907992e2172는 이미 stopping 상태입니다. 중지 작업을 건너뜁니다.
INFO 2025-07-03 04:56:00,707 scheduler 작업 실행됨: stop_instance_7, 실행 시간: 2025-07-03 13:56:00 KST+0900
INFO 2025-07-03 04:57:21,517 scheduler 스케줄러 초기화 시작 - 현재 서버 시간(한국): 2025-07-03 13:57:21 KST+0900
INFO 2025-07-03 04:57:21,517 scheduler 현재 UTC 시간: 2025-07-03 04:57:21 UTC+0000
INFO 2025-07-03 04:57:21,521 scheduler 활성 예약 조회 결과: 0개 발견
INFO 2025-07-03 04:57:21,522 scheduler 0개의 활성 예약이 스케줄러에 로드되었습니다.
INFO 2025-07-03 04:57:21,523 scheduler 스케줄러가 성공적으로 시작되었습니다.
INFO 2025-07-03 04:57:21,537 scheduler 스케줄러 초기화 시작 - 현재 서버 시간(한국): 2025-07-03 13:57:21 KST+0900
INFO 2025-07-03 04:57:21,537 scheduler 현재 UTC 시간: 2025-07-03 04:57:21 UTC+0000
INFO 2025-07-03 04:57:21,540 scheduler 활성 예약 조회 결과: 0개 발견
INFO 2025-07-03 04:57:21,542 scheduler 0개의 활성 예약이 스케줄러에 로드되었습니다.
INFO 2025-07-03 04:57:21,543 scheduler 스케줄러가 성공적으로 시작되었습니다.
INFO 2025-07-03 04:57:21,556 scheduler 초기화 후 스케줄러에 등록된 작업 수: 0
INFO 2025-07-03 04:57:21,556 apps 예약 스케줄러가 초기화되고 시작되었습니다.
INFO 2025-07-03 04:57:21,556 apps 스케줄러가 실행 중입니다.
INFO 2025-07-03 04:57:21,557 apps 등록된 작업 수: 0
INFO 2025-07-03 04:57:21,575 scheduler 초기화 후 스케줄러에 등록된 작업 수: 0
INFO 2025-07-03 04:57:21,575 apps 예약 스케줄러가 초기화되고 시작되었습니다.
INFO 2025-07-03 04:57:21,576 apps 스케줄러가 실행 중입니다.
INFO 2025-07-03 04:57:21,577 apps 등록된 작업 수: 0
INFO 2025-07-03 04:57:21,611 scheduler 스케줄러 초기화 시작 - 현재 서버 시간(한국): 2025-07-03 13:57:21 KST+0900
INFO 2025-07-03 04:57:21,611 scheduler 현재 UTC 시간: 2025-07-03 04:57:21 UTC+0000
INFO 2025-07-03 04:57:21,618 scheduler 활성 예약 조회 결과: 0개 발견
INFO 2025-07-03 04:57:21,621 scheduler 0개의 활성 예약이 스케줄러에 로드되었습니다.
INFO 2025-07-03 04:57:21,622 scheduler 스케줄러가 성공적으로 시작되었습니다.
INFO 2025-07-03 04:57:21,661 scheduler 초기화 후 스케줄러에 등록된 작업 수: 0
INFO 2025-07-03 04:57:21,661 apps 예약 스케줄러가 초기화되고 시작되었습니다.
INFO 2025-07-03 04:57:21,661 apps 스케줄러가 실행 중입니다.
INFO 2025-07-03 04:57:21,662 apps 등록된 작업 수: 0
INFO 2025-07-03 04:57:40,653 scheduler 예약 ID 8 스케줄링 시작
INFO 2025-07-03 04:57:40,653 scheduler 현재 서버 시간(한국): 2025-07-03 13:57:40 KST+0900
INFO 2025-07-03 04:57:40,653 scheduler 현재 UTC 시간: 2025-07-03 04:57:40 UTC+0000
INFO 2025-07-03 04:57:40,653 scheduler 예약 시작 시간: 2025-07-03 04:58:00 UTC+0000
INFO 2025-07-03 04:57:40,653 scheduler 예약 종료 시간: 2025-07-03 06:58:00 UTC+0000
INFO 2025-07-03 04:57:40,656 scheduler 인스턴스 i-0fd598907992e2172 시작 작업이 2025-07-03 04:58:00+00:00에 예약되었습니다.
INFO 2025-07-03 04:57:40,658 scheduler 시작 작업 확인: ID=start_instance_8, 다음 실행 시간=2025-07-03 04:58:00+00:00
INFO 2025-07-03 04:57:40,662 scheduler 인스턴스 i-0fd598907992e2172 중지 작업이 2025-07-03 06:58:00+00:00에 예약되었습니다.
INFO 2025-07-03 04:57:40,665 scheduler 중지 작업 확인: ID=stop_instance_8, 다음 실행 시간=2025-07-03 06:58:00+00:00
----------------------------INFO 2025-07-03 04:58:00,002 scheduler 예약 8에 따라 인스턴스 i-0fd598907992e2172 시작 작업 실행
INFO 2025-07-03 04:58:01,275 scheduler 인스턴스 i-0fd598907992e2172 시작 성공: 인스턴스 i-0fd598907992e2172 시작 요청이 성공적으로 처리되었습니다.
INFO 2025-07-03 04:58:01,275 scheduler 작업 실행됨: start_instance_8, 실행 시간: 2025-07-03 13:58:01 KST+0900
INFO 2025-07-03 06:58:00,004 scheduler ======================================================
INFO 2025-07-03 06:58:00,004 scheduler ===== 인스턴스 중지 작업 실행 시작 - 2025-07-03 15:58:00.004279+09:00 =====
INFO 2025-07-03 06:58:00,004 scheduler ======================================================
INFO 2025-07-03 06:58:00,004 scheduler 예약 8에 따라 인스턴스 i-0fd598907992e2172 중지 작업 실행
INFO 2025-07-03 06:58:00,004 scheduler 현재 서버 시간(한국): 2025-07-03 15:58:00 KST+0900
INFO 2025-07-03 06:58:00,005 scheduler 현재 UTC 시간: 2025-07-03 06:58:00 UTC+0000
INFO 2025-07-03 06:58:00,012 scheduler 예약 정보 - 시작: 2025-07-03 04:58:00+00:00, 종료: 2025-07-03 06:58:00+00:00, 상태: approved
INFO 2025-07-03 06:58:00,012 scheduler 인스턴스 i-0fd598907992e2172 상태 확인 중...
INFO 2025-07-03 06:58:00,763 scheduler 중지 작업 전 인스턴스 i-0fd598907992e2172의 현재 상태: running
INFO 2025-07-03 06:58:00,763 scheduler 인스턴스 i-0fd598907992e2172 중지 요청 시작 (시도 1/3)...
INFO 2025-07-03 06:58:01,506 scheduler 인스턴스 i-0fd598907992e2172 중지 요청 응답 (시도 1): {'success': True, 'message': '인스턴스 i-0fd598907992e2172 중지 요청이 성공적으로 처리되었습니다.', 'data': {'StoppingInstances': [{'InstanceId': 'i-0fd598907992e2172', 'CurrentState': {'Code': 64, 'Name': 'stopping'}, 'PreviousState': {'Code': 16, 'Name': 'running'}}], 'ResponseMetadata': {'RequestId': '6cd02ba6-6a0c-4192-be73-766a3268c7d7', 'HTTPStatusCode': 200, 'HTTPHeaders': {'x-amzn-requestid': '6cd02ba6-6a0c-4192-be73-766a3268c7d7', 'cache-control': 'no-cache, no-store', 'strict-transport-security': 'max-age=31536000; includeSubDomains', 'content-type': 'text/xml;charset=UTF-8', 'content-length': '411', 'date': 'Thu, 03 Jul 2025 06:58:01 GMT', 'server': 'AmazonEC2'}, 'RetryAttempts': 0}}}
INFO 2025-07-03 06:58:01,506 scheduler 인스턴스 i-0fd598907992e2172 중지 요청이 성공적으로 처리되었습니다.
INFO 2025-07-03 06:58:01,506 scheduler 중지 요청 후 인스턴스 상태 확인 중...
INFO 2025-07-03 06:58:01,733 scheduler 중지 요청 후 인스턴스 i-0fd598907992e2172의 상태: running
INFO 2025-07-03 06:58:01,736 scheduler 예약 ID 8 상태를 'completed'로 업데이트했습니다.
INFO 2025-07-03 06:58:01,736 scheduler ======================================================
INFO 2025-07-03 06:58:01,736 scheduler ===== 인스턴스 중지 작업 실행 완료 - 2025-07-03 15:58:01.736477+09:00 =====
INFO 2025-07-03 06:58:01,736 scheduler ======================================================
INFO 2025-07-03 06:58:01,736 scheduler 작업 실행됨: stop_instance_8, 실행 시간: 2025-07-03 15:58:01 KST+0900
INFO 2025-07-03 07:01:43,764 scheduler 예약 ID 9 스케줄링 시작
INFO 2025-07-03 07:01:43,764 scheduler 현재 서버 시간(한국): 2025-07-03 16:01:43 KST+0900
INFO 2025-07-03 07:01:43,764 scheduler 현재 UTC 시간: 2025-07-03 07:01:43 UTC+0000
INFO 2025-07-03 07:01:43,764 scheduler 예약 시작 시간: 2025-07-03 07:02:00 UTC+0000
INFO 2025-07-03 07:01:43,764 scheduler 예약 종료 시간: 2025-07-03 07:04:00 UTC+0000
INFO 2025-07-03 07:01:43,767 scheduler 인스턴스 i-0fd598907992e2172 시작 작업이 2025-07-03 07:02:00+00:00에 예약되었습니다.
INFO 2025-07-03 07:01:43,771 scheduler 시작 작업 확인: ID=start_instance_9, 다음 실행 시간=2025-07-03 07:02:00+00:00
INFO 2025-07-03 07:01:43,773 scheduler 인스턴스 i-0fd598907992e2172 중지 작업이 2025-07-03 07:04:00+00:00에 예약되었습니다.
INFO 2025-07-03 07:01:43,777 scheduler 중지 작업 확인: ID=stop_instance_9, 다음 실행 시간=2025-07-03 07:04:00+00:00
INFO 2025-07-03 07:02:00,002 scheduler 예약 9에 따라 인스턴스 i-0fd598907992e2172 시작 작업 실행
ERROR 2025-07-03 07:02:01,325 scheduler 인스턴스 i-0fd598907992e2172 시작 실패: 인스턴스 시작 중 오류가 발생했습니다: An error occurred (IncorrectInstanceState) when calling the StartInstances operation: The instance 'i-0fd598907992e2172' is not in a state from which it can be started.
INFO 2025-07-03 07:02:01,325 scheduler 작업 실행됨: start_instance_9, 실행 시간: 2025-07-03 16:02:01 KST+0900
INFO 2025-07-03 07:04:00,005 scheduler ======================================================
INFO 2025-07-03 07:04:00,005 scheduler ===== 인스턴스 중지 작업 실행 시작 - 2025-07-03 16:04:00.005766+09:00 =====
INFO 2025-07-03 07:04:00,006 scheduler ======================================================
INFO 2025-07-03 07:04:00,006 scheduler 예약 9에 따라 인스턴스 i-0fd598907992e2172 중지 작업 실행
INFO 2025-07-03 07:04:00,006 scheduler 현재 서버 시간(한국): 2025-07-03 16:04:00 KST+0900
INFO 2025-07-03 07:04:00,006 scheduler 현재 UTC 시간: 2025-07-03 07:04:00 UTC+0000
INFO 2025-07-03 07:04:00,012 scheduler 예약 정보 - 시작: 2025-07-03 07:02:00+00:00, 종료: 2025-07-03 07:04:00+00:00, 상태: approved
INFO 2025-07-03 07:04:00,012 scheduler 인스턴스 i-0fd598907992e2172 상태 확인 중...
INFO 2025-07-03 07:04:00,821 scheduler 중지 작업 전 인스턴스 i-0fd598907992e2172의 현재 상태: stopping
INFO 2025-07-03 07:04:00,821 scheduler 인스턴스 i-0fd598907992e2172는 이미 stopping 상태입니다. 중지 작업을 건너뜁니다.
INFO 2025-07-03 07:04:00,822 scheduler 작업 실행됨: stop_instance_9, 실행 시간: 2025-07-03 16:04:00 KST+0900